This file contains any messages produced by compilers while
running configure, to aid debugging if configure makes a mistake.

It was created by dosbox configure SVN, which was
generated by GNU Autoconf 2.68.  Invocation command line was

  $ ./configure 

## --------- ##
## Platform. ##
## --------- ##

hostname = pedro
uname -m = x86_64
uname -r = 3.8.0-30-generic
uname -s = Linux
uname -v = #44~precise1-Ubuntu SMP Fri Aug 23 18:32:41 UTC 2013

/usr/bin/uname -p = unknown
/bin/uname -X     = unknown

/bin/arch              = unknown
/usr/bin/arch -k       = unknown
/usr/convex/getsysinfo = unknown
/usr/bin/hostinfo      = unknown
/bin/machine           = unknown
/usr/bin/oslevel       = unknown
/bin/universe          = unknown

PATH: /usr/local/java
PATH: /usr/lib/lightdm/lightdm
PATH: /usr/local/sbin
PATH: /usr/local/bin
PATH: /usr/sbin
PATH: /usr/bin
PATH: /sbin
PATH: /bin
PATH: /usr/games


## ----------- ##
## Core tests. ##
## ----------- ##

configure:2484: checking build system type
configure:2498: result: x86_64-unknown-linux-gnu
configure:2518: checking host system type
configure:2531: result: x86_64-unknown-linux-gnu
configure:2569: checking for a BSD-compatible install
configure:2637: result: /usr/bin/install -c
configure:2648: checking whether build environment is sane
configure:2698: result: yes
configure:2839: checking for a thread-safe mkdir -p
configure:2878: result: /bin/mkdir -p
configure:2891: checking for gawk
configure:2921: result: no
configure:2891: checking for mawk
configure:2907: found /usr/bin/mawk
configure:2918: result: mawk
configure:2929: checking whether make sets $(MAKE)
configure:2951: result: yes
configure:3034: checking whether make sets $(MAKE)
configure:3056: result: yes
configure:3113: checking for gcc
configure:3129: found /usr/bin/gcc
configure:3140: result: gcc
configure:3369: checking for C compiler version
configure:3378: gcc --version >&5
gcc (Ubuntu/Linaro 4.6.3-1ubuntu5) 4.6.3
Copyright (C) 2011 Free Software Foundation, Inc.
This is free software; see the source for copying conditions.  There is NO
warranty; not even for MERCHANTABILITY or FITNESS FOR A PARTICULAR PURPOSE.

configure:3389: $? = 0
configure:3378: gcc -v >&5
Using built-in specs.
COLLECT_GCC=gcc
COLLECT_LTO_WRAPPER=/usr/lib/gcc/x86_64-linux-gnu/4.6/lto-wrapper
Target: x86_64-linux-gnu
Configured with: ../src/configure -v --with-pkgversion='Ubuntu/Linaro 4.6.3-1ubuntu5' --with-bugurl=file:///usr/share/doc/gcc-4.6/README.Bugs --enable-languages=c,c++,fortran,objc,obj-c++ --prefix=/usr --program-suffix=-4.6 --enable-shared --enable-linker-build-id --with-system-zlib --libexecdir=/usr/lib --without-included-gettext --enable-threads=posix --with-gxx-include-dir=/usr/include/c++/4.6 --libdir=/usr/lib --enable-nls --with-sysroot=/ --enable-clocale=gnu --enable-libstdcxx-debug --enable-libstdcxx-time=yes --enable-gnu-unique-object --enable-plugin --enable-objc-gc --disable-werror --with-arch-32=i686 --with-tune=generic --enable-checking=release --build=x86_64-linux-gnu --host=x86_64-linux-gnu --target=x86_64-linux-gnu
Thread model: posix
gcc version 4.6.3 (Ubuntu/Linaro 4.6.3-1ubuntu5) 
configure:3389: $? = 0
configure:3378: gcc -V >&5
gcc: error: unrecognized option '-V'
gcc: fatal error: no input files
compilation terminated.
configure:3389: $? = 4
configure:3378: gcc -qversion >&5
gcc: error: unrecognized option '-qversion'
gcc: fatal error: no input files
compilation terminated.
configure:3389: $? = 4
configure:3409: checking whether the C compiler works
configure:3431: gcc    conftest.c  >&5
configure:3435: $? = 0
configure:3483: result: yes
configure:3486: checking for C compiler default output file name
configure:3488: result: a.out
configure:3494: checking for suffix of executables
configure:3501: gcc -o conftest    conftest.c  >&5
configure:3505: $? = 0
configure:3527: result: 
configure:3549: checking whether we are cross compiling
configure:3557: gcc -o conftest    conftest.c  >&5
configure:3561: $? = 0
configure:3568: ./conftest
configure:3572: $? = 0
configure:3587: result: no
configure:3592: checking for suffix of object files
configure:3614: gcc -c   conftest.c >&5
configure:3618: $? = 0
configure:3639: result: o
configure:3643: checking whether we are using the GNU C compiler
configure:3662: gcc -c   conftest.c >&5
configure:3662: $? = 0
configure:3671: result: yes
configure:3680: checking whether gcc accepts -g
configure:3700: gcc -c -g  conftest.c >&5
configure:3700: $? = 0
configure:3741: result: yes
configure:3758: checking for gcc option to accept ISO C89
configure:3822: gcc  -c -g -O2  conftest.c >&5
configure:3822: $? = 0
configure:3835: result: none needed
configure:3866: checking for style of include used by make
configure:3894: result: GNU
configure:3920: checking dependency style of gcc
configure:4031: result: gcc3
configure:4051: checking how to run the C preprocessor
configure:4082: gcc -E  conftest.c
configure:4082: $? = 0
configure:4096: gcc -E  conftest.c
conftest.c:11:28: fatal error: ac_nonexistent.h: No such file or directory
compilation terminated.
configure:4096: $? = 1
configure: failed program was:
| /* confdefs.h */
| #define PACKAGE_NAME "dosbox"
| #define PACKAGE_TARNAME "dosbox"
| #define PACKAGE_VERSION "SVN"
| #define PACKAGE_STRING "dosbox SVN"
| #define PACKAGE_BUGREPORT ""
| #define PACKAGE_URL ""
| #define PACKAGE "dosbox"
| #define VERSION "SVN"
| /* end confdefs.h.  */
| #include <ac_nonexistent.h>
configure:4121: result: gcc -E
configure:4141: gcc -E  conftest.c
configure:4141: $? = 0
configure:4155: gcc -E  conftest.c
conftest.c:11:28: fatal error: ac_nonexistent.h: No such file or directory
compilation terminated.
configure:4155: $? = 1
configure: failed program was:
| /* confdefs.h */
| #define PACKAGE_NAME "dosbox"
| #define PACKAGE_TARNAME "dosbox"
| #define PACKAGE_VERSION "SVN"
| #define PACKAGE_STRING "dosbox SVN"
| #define PACKAGE_BUGREPORT ""
| #define PACKAGE_URL ""
| #define PACKAGE "dosbox"
| #define VERSION "SVN"
| /* end confdefs.h.  */
| #include <ac_nonexistent.h>
configure:4241: checking for g++
configure:4257: found /usr/bin/g++
configure:4268: result: g++
configure:4295: checking for C++ compiler version
configure:4304: g++ --version >&5
g++ (Ubuntu/Linaro 4.6.3-1ubuntu5) 4.6.3
Copyright (C) 2011 Free Software Foundation, Inc.
This is free software; see the source for copying conditions.  There is NO
warranty; not even for MERCHANTABILITY or FITNESS FOR A PARTICULAR PURPOSE.

configure:4315: $? = 0
configure:4304: g++ -v >&5
Using built-in specs.
COLLECT_GCC=g++
COLLECT_LTO_WRAPPER=/usr/lib/gcc/x86_64-linux-gnu/4.6/lto-wrapper
Target: x86_64-linux-gnu
Configured with: ../src/configure -v --with-pkgversion='Ubuntu/Linaro 4.6.3-1ubuntu5' --with-bugurl=file:///usr/share/doc/gcc-4.6/README.Bugs --enable-languages=c,c++,fortran,objc,obj-c++ --prefix=/usr --program-suffix=-4.6 --enable-shared --enable-linker-build-id --with-system-zlib --libexecdir=/usr/lib --without-included-gettext --enable-threads=posix --with-gxx-include-dir=/usr/include/c++/4.6 --libdir=/usr/lib --enable-nls --with-sysroot=/ --enable-clocale=gnu --enable-libstdcxx-debug --enable-libstdcxx-time=yes --enable-gnu-unique-object --enable-plugin --enable-objc-gc --disable-werror --with-arch-32=i686 --with-tune=generic --enable-checking=release --build=x86_64-linux-gnu --host=x86_64-linux-gnu --target=x86_64-linux-gnu
Thread model: posix
gcc version 4.6.3 (Ubuntu/Linaro 4.6.3-1ubuntu5) 
configure:4315: $? = 0
configure:4304: g++ -V >&5
g++: error: unrecognized option '-V'
g++: fatal error: no input files
compilation terminated.
configure:4315: $? = 4
configure:4304: g++ -qversion >&5
g++: error: unrecognized option '-qversion'
g++: fatal error: no input files
compilation terminated.
configure:4315: $? = 4
configure:4319: checking whether we are using the GNU C++ compiler
configure:4338: g++ -c   conftest.cpp >&5
configure:4338: $? = 0
configure:4347: result: yes
configure:4356: checking whether g++ accepts -g
configure:4376: g++ -c -g  conftest.cpp >&5
configure:4376: $? = 0
configure:4417: result: yes
configure:4442: checking dependency style of g++
configure:4553: result: gcc3
configure:4612: checking for ranlib
configure:4628: found /usr/bin/ranlib
configure:4639: result: ranlib
configure:4709: checking for sdl-config
configure:4727: found /usr/bin/sdl-config
configure:4740: result: /usr/bin/sdl-config
configure:4749: checking for SDL - version >= 1.2.0
configure:4834: gcc -o conftest -g -O2 -I/usr/include/SDL -D_GNU_SOURCE=1 -D_REENTRANT   conftest.c  -L/usr/lib/x86_64-linux-gnu -lSDL >&5
configure:4834: $? = 0
configure:4834: ./conftest
configure:4834: $? = 0
configure:4848: result: yes
configure:4914: checking SDL version only being 1.2.X
configure:4928: gcc -c -g -O2  -I/usr/include/SDL -D_GNU_SOURCE=1 -D_REENTRANT conftest.c >&5
configure:4928: $? = 0
configure:4929: result: yes
configure:4940: checking for an ANSI C-conforming const
configure:5005: gcc -c -g -O2  -I/usr/include/SDL -D_GNU_SOURCE=1 -D_REENTRANT conftest.c >&5
configure:5005: $? = 0
configure:5012: result: yes
configure:5020: checking for inline
configure:5036: gcc -c -g -O2  -I/usr/include/SDL -D_GNU_SOURCE=1 -D_REENTRANT conftest.c >&5
configure:5036: $? = 0
configure:5044: result: inline
configure:5063: checking for grep that handles long lines and -e
configure:5121: result: /bin/grep
configure:5126: checking for egrep
configure:5188: result: /bin/grep -E
configure:5193: checking for ANSI C header files
configure:5213: gcc -c -g -O2  -I/usr/include/SDL -D_GNU_SOURCE=1 -D_REENTRANT conftest.c >&5
configure:5213: $? = 0
configure:5286: gcc -o conftest -g -O2  -I/usr/include/SDL -D_GNU_SOURCE=1 -D_REENTRANT  conftest.c  -L/usr/lib/x86_64-linux-gnu -lSDL >&5
configure:5286: $? = 0
configure:5286: ./conftest
configure:5286: $? = 0
configure:5297: result: yes
configure:5310: checking for sys/types.h
configure:5310: gcc -c -g -O2  -I/usr/include/SDL -D_GNU_SOURCE=1 -D_REENTRANT conftest.c >&5
configure:5310: $? = 0
configure:5310: result: yes
configure:5310: checking for sys/stat.h
configure:5310: gcc -c -g -O2  -I/usr/include/SDL -D_GNU_SOURCE=1 -D_REENTRANT conftest.c >&5
configure:5310: $? = 0
configure:5310: result: yes
configure:5310: checking for stdlib.h
configure:5310: gcc -c -g -O2  -I/usr/include/SDL -D_GNU_SOURCE=1 -D_REENTRANT conftest.c >&5
configure:5310: $? = 0
configure:5310: result: yes
configure:5310: checking for string.h
configure:5310: gcc -c -g -O2  -I/usr/include/SDL -D_GNU_SOURCE=1 -D_REENTRANT conftest.c >&5
configure:5310: $? = 0
configure:5310: result: yes
configure:5310: checking for memory.h
configure:5310: gcc -c -g -O2  -I/usr/include/SDL -D_GNU_SOURCE=1 -D_REENTRANT conftest.c >&5
configure:5310: $? = 0
configure:5310: result: yes
configure:5310: checking for strings.h
configure:5310: gcc -c -g -O2  -I/usr/include/SDL -D_GNU_SOURCE=1 -D_REENTRANT conftest.c >&5
configure:5310: $? = 0
configure:5310: result: yes
configure:5310: checking for inttypes.h
configure:5310: gcc -c -g -O2  -I/usr/include/SDL -D_GNU_SOURCE=1 -D_REENTRANT conftest.c >&5
configure:5310: $? = 0
configure:5310: result: yes
configure:5310: checking for stdint.h
configure:5310: gcc -c -g -O2  -I/usr/include/SDL -D_GNU_SOURCE=1 -D_REENTRANT conftest.c >&5
configure:5310: $? = 0
configure:5310: result: yes
configure:5310: checking for unistd.h
configure:5310: gcc -c -g -O2  -I/usr/include/SDL -D_GNU_SOURCE=1 -D_REENTRANT conftest.c >&5
configure:5310: $? = 0
configure:5310: result: yes
configure:5322: checking for size_t
configure:5322: gcc -c -g -O2  -I/usr/include/SDL -D_GNU_SOURCE=1 -D_REENTRANT conftest.c >&5
configure:5322: $? = 0
configure:5322: gcc -c -g -O2  -I/usr/include/SDL -D_GNU_SOURCE=1 -D_REENTRANT conftest.c >&5
conftest.c: In function 'main':
conftest.c:57:21: error: expected expression before ')' token
configure:5322: $? = 1
configure: failed program was:
| /* confdefs.h */
| #define PACKAGE_NAME "dosbox"
| #define PACKAGE_TARNAME "dosbox"
| #define PACKAGE_VERSION "SVN"
| #define PACKAGE_STRING "dosbox SVN"
| #define PACKAGE_BUGREPORT ""
| #define PACKAGE_URL ""
| #define PACKAGE "dosbox"
| #define VERSION "SVN"
| #define STDC_HEADERS 1
| #define HAVE_SYS_TYPES_H 1
| #define HAVE_SYS_STAT_H 1
| #define HAVE_STDLIB_H 1
| #define HAVE_STRING_H 1
| #define HAVE_MEMORY_H 1
| #define HAVE_STRINGS_H 1
| #define HAVE_INTTYPES_H 1
| #define HAVE_STDINT_H 1
| #define HAVE_UNISTD_H 1
| /* end confdefs.h.  */
| #include <stdio.h>
| #ifdef HAVE_SYS_TYPES_H
| # include <sys/types.h>
| #endif
| #ifdef HAVE_SYS_STAT_H
| # include <sys/stat.h>
| #endif
| #ifdef STDC_HEADERS
| # include <stdlib.h>
| # include <stddef.h>
| #else
| # ifdef HAVE_STDLIB_H
| #  include <stdlib.h>
| # endif
| #endif
| #ifdef HAVE_STRING_H
| # if !defined STDC_HEADERS && defined HAVE_MEMORY_H
| #  include <memory.h>
| # endif
| # include <string.h>
| #endif
| #ifdef HAVE_STRINGS_H
| # include <strings.h>
| #endif
| #ifdef HAVE_INTTYPES_H
| # include <inttypes.h>
| #endif
| #ifdef HAVE_STDINT_H
| # include <stdint.h>
| #endif
| #ifdef HAVE_UNISTD_H
| # include <unistd.h>
| #endif
| int
| main ()
| {
| if (sizeof ((size_t)))
| 	    return 0;
|   ;
|   return 0;
| }
configure:5322: result: yes
configure:5333: checking whether struct tm is in sys/time.h or time.h
configure:5353: gcc -c -g -O2  -I/usr/include/SDL -D_GNU_SOURCE=1 -D_REENTRANT conftest.c >&5
configure:5353: $? = 0
configure:5360: result: time.h
configure:5372: checking size of unsigned char
configure:5377: gcc -o conftest -g -O2  -I/usr/include/SDL -D_GNU_SOURCE=1 -D_REENTRANT  conftest.c  -L/usr/lib/x86_64-linux-gnu -lSDL >&5
configure:5377: $? = 0
configure:5377: ./conftest
configure:5377: $? = 0
configure:5391: result: 1
configure:5405: checking size of unsigned short
configure:5410: gcc -o conftest -g -O2  -I/usr/include/SDL -D_GNU_SOURCE=1 -D_REENTRANT  conftest.c  -L/usr/lib/x86_64-linux-gnu -lSDL >&5
configure:5410: $? = 0
configure:5410: ./conftest
configure:5410: $? = 0
configure:5424: result: 2
configure:5438: checking size of unsigned int
configure:5443: gcc -o conftest -g -O2  -I/usr/include/SDL -D_GNU_SOURCE=1 -D_REENTRANT  conftest.c  -L/usr/lib/x86_64-linux-gnu -lSDL >&5
configure:5443: $? = 0
configure:5443: ./conftest
configure:5443: $? = 0
configure:5457: result: 4
configure:5471: checking size of unsigned long
configure:5476: gcc -o conftest -g -O2  -I/usr/include/SDL -D_GNU_SOURCE=1 -D_REENTRANT  conftest.c  -L/usr/lib/x86_64-linux-gnu -lSDL >&5
configure:5476: $? = 0
configure:5476: ./conftest
configure:5476: $? = 0
configure:5490: result: 8
configure:5504: checking size of unsigned long long
configure:5509: gcc -o conftest -g -O2  -I/usr/include/SDL -D_GNU_SOURCE=1 -D_REENTRANT  conftest.c  -L/usr/lib/x86_64-linux-gnu -lSDL >&5
configure:5509: $? = 0
configure:5509: ./conftest
configure:5509: $? = 0
configure:5523: result: 8
configure:5537: checking size of int *
configure:5542: gcc -o conftest -g -O2  -I/usr/include/SDL -D_GNU_SOURCE=1 -D_REENTRANT  conftest.c  -L/usr/lib/x86_64-linux-gnu -lSDL >&5
configure:5542: $? = 0
configure:5542: ./conftest
configure:5542: $? = 0
configure:5556: result: 8
configure:5570: checking for stdlib.h
configure:5570: result: yes
configure:5570: checking for sys/types.h
configure:5570: result: yes
configure:5583: checking for sys/socket.h
configure:5583: gcc -c -g -O2  -I/usr/include/SDL -D_GNU_SOURCE=1 -D_REENTRANT conftest.c >&5
configure:5583: $? = 0
configure:5583: result: yes
configure:5583: checking for netinet/in.h
configure:5583: gcc -c -g -O2  -I/usr/include/SDL -D_GNU_SOURCE=1 -D_REENTRANT conftest.c >&5
configure:5583: $? = 0
configure:5583: result: yes
configure:5583: checking for pwd.h
configure:5583: gcc -c -g -O2  -I/usr/include/SDL -D_GNU_SOURCE=1 -D_REENTRANT conftest.c >&5
configure:5583: $? = 0
configure:5583: result: yes
configure:5627: gcc -c -g -O2  -I/usr/include/SDL -D_GNU_SOURCE=1 -D_REENTRANT conftest.c >&5
configure:5627: $? = 0
configure:5636: checking if environ can be included
configure:5651: gcc -o conftest -g -O2  -I/usr/include/SDL -D_GNU_SOURCE=1 -D_REENTRANT  conftest.c  -L/usr/lib/x86_64-linux-gnu -lSDL >&5
configure:5651: $? = 0
configure:5652: result: yes
configure:5663: checking if environ can be linked
configure:5676: gcc -o conftest -g -O2  -I/usr/include/SDL -D_GNU_SOURCE=1 -D_REENTRANT  conftest.c  -L/usr/lib/x86_64-linux-gnu -lSDL >&5
configure:5676: $? = 0
configure:5677: result: yes
configure:5688: checking if dirent includes d_type
configure:5700: gcc -c -g -O2  -I/usr/include/SDL -D_GNU_SOURCE=1 -D_REENTRANT conftest.c >&5
configure:5700: $? = 0
configure:5701: result: yes
configure:5712: checking for powf in libm
configure:5729: gcc -o conftest -g -O2  -I/usr/include/SDL -D_GNU_SOURCE=1 -D_REENTRANT  conftest.c  -L/usr/lib/x86_64-linux-gnu -lSDL -lm >&5
configure:5729: $? = 0
configure:5730: result: yes
configure:5745: checking if compiler allows __attribute__
configure:5759: gcc -c -g -O2  -I/usr/include/SDL -D_GNU_SOURCE=1 -D_REENTRANT conftest.c >&5
configure:5759: $? = 0
configure:5760: result: yes
configure:5775: checking if compiler allows __attribute__((always_inline)) 
configure:5782: gcc -c -Werror  -I/usr/include/SDL -D_GNU_SOURCE=1 -D_REENTRANT conftest.c >&5
configure:5782: $? = 0
configure:5783: result: yes
configure:5793: checking if compiler allows __attribute__((fastcall)) 
configure:5800: gcc -c -Werror  -I/usr/include/SDL -D_GNU_SOURCE=1 -D_REENTRANT conftest.c >&5
conftest.c:37:2: error: 'fastcall' attribute ignored [-Werror=attributes]
cc1: all warnings being treated as errors
configure:5800: $? = 1
configure: failed program was:
| /* confdefs.h */
| #define PACKAGE_NAME "dosbox"
| #define PACKAGE_TARNAME "dosbox"
| #define PACKAGE_VERSION "SVN"
| #define PACKAGE_STRING "dosbox SVN"
| #define PACKAGE_BUGREPORT ""
| #define PACKAGE_URL ""
| #define PACKAGE "dosbox"
| #define VERSION "SVN"
| #define STDC_HEADERS 1
| #define HAVE_SYS_TYPES_H 1
| #define HAVE_SYS_STAT_H 1
| #define HAVE_STDLIB_H 1
| #define HAVE_STRING_H 1
| #define HAVE_MEMORY_H 1
| #define HAVE_STRINGS_H 1
| #define HAVE_INTTYPES_H 1
| #define HAVE_STDINT_H 1
| #define HAVE_UNISTD_H 1
| #define SIZEOF_UNSIGNED_CHAR 1
| #define SIZEOF_UNSIGNED_SHORT 2
| #define SIZEOF_UNSIGNED_INT 4
| #define SIZEOF_UNSIGNED_LONG 8
| #define SIZEOF_UNSIGNED_LONG_LONG 8
| #define SIZEOF_INT_P 8
| #define HAVE_STDLIB_H 1
| #define HAVE_SYS_TYPES_H 1
| #define HAVE_SYS_SOCKET_H 1
| #define HAVE_NETINET_IN_H 1
| #define HAVE_PWD_H 1
| #define ENVIRON_INCLUDED 1
| #define ENVIRON_LINKED 1
| #define DIRENT_HAS_D_TYPE 1
| #define C_HAS_ATTRIBUTE 1
| #define C_ATTRIBUTE_ALWAYS_INLINE 1
| /* end confdefs.h.  */
|  void __attribute__((fastcall)) test(){}
| 
configure:5805: result: no
configure:5823: checking if compiler allows __builtin_expect
configure:5839: g++ -c -g -O2  -I/usr/include/SDL -D_GNU_SOURCE=1 -D_REENTRANT conftest.cpp >&5
configure:5839: $? = 0
configure:5840: result: yes
configure:5898: checking for ALSA CFLAGS
configure:5904: result: 
configure:5907: checking for ALSA LDFLAGS
configure:5920: result:  -lasound -lm -ldl -lpthread
configure:5924: checking for libasound headers version >= 0.9.0
configure:5986: gcc -c -g -O2  -I/usr/include/SDL -D_GNU_SOURCE=1 -D_REENTRANT conftest.c >&5
configure:5986: $? = 0
configure:5987: result: found.
configure:6004: checking for snd_ctl_open in -lasound
configure:6029: gcc -o conftest -g -O2  -I/usr/include/SDL -D_GNU_SOURCE=1 -D_REENTRANT  conftest.c -lasound   -lasound -lm -ldl -lpthread -L/usr/lib/x86_64-linux-gnu -lSDL >&5
configure:6029: $? = 0
configure:6038: result: yes
configure:6078: checking whether byte ordering is bigendian
configure:6093: gcc -c -g -O2  -I/usr/include/SDL -D_GNU_SOURCE=1 -D_REENTRANT conftest.c >&5
conftest.c:41:9: error: unknown type name 'not'
conftest.c:41:15: error: expected '=', ',', ';', 'asm' or '__attribute__' before 'universal'
conftest.c:41:15: error: unknown type name 'universal'
configure:6093: $? = 1
configure: failed program was:
| /* confdefs.h */
| #define PACKAGE_NAME "dosbox"
| #define PACKAGE_TARNAME "dosbox"
| #define PACKAGE_VERSION "SVN"
| #define PACKAGE_STRING "dosbox SVN"
| #define PACKAGE_BUGREPORT ""
| #define PACKAGE_URL ""
| #define PACKAGE "dosbox"
| #define VERSION "SVN"
| #define STDC_HEADERS 1
| #define HAVE_SYS_TYPES_H 1
| #define HAVE_SYS_STAT_H 1
| #define HAVE_STDLIB_H 1
| #define HAVE_STRING_H 1
| #define HAVE_MEMORY_H 1
| #define HAVE_STRINGS_H 1
| #define HAVE_INTTYPES_H 1
| #define HAVE_STDINT_H 1
| #define HAVE_UNISTD_H 1
| #define SIZEOF_UNSIGNED_CHAR 1
| #define SIZEOF_UNSIGNED_SHORT 2
| #define SIZEOF_UNSIGNED_INT 4
| #define SIZEOF_UNSIGNED_LONG 8
| #define SIZEOF_UNSIGNED_LONG_LONG 8
| #define SIZEOF_INT_P 8
| #define HAVE_STDLIB_H 1
| #define HAVE_SYS_TYPES_H 1
| #define HAVE_SYS_SOCKET_H 1
| #define HAVE_NETINET_IN_H 1
| #define HAVE_PWD_H 1
| #define ENVIRON_INCLUDED 1
| #define ENVIRON_LINKED 1
| #define DIRENT_HAS_D_TYPE 1
| #define C_HAS_ATTRIBUTE 1
| #define C_ATTRIBUTE_ALWAYS_INLINE 1
| #define C_HAS_BUILTIN_EXPECT 1
| #define HAVE_LIBASOUND 1
| #define HAVE_ALSA 1
| /* end confdefs.h.  */
| #ifndef __APPLE_CC__
| 	       not a universal capable compiler
| 	     #endif
| 	     typedef int dummy;
| 
configure:6138: gcc -c -g -O2  -I/usr/include/SDL -D_GNU_SOURCE=1 -D_REENTRANT conftest.c >&5
configure:6138: $? = 0
configure:6156: gcc -c -g -O2  -I/usr/include/SDL -D_GNU_SOURCE=1 -D_REENTRANT conftest.c >&5
conftest.c: In function 'main':
conftest.c:47:4: error: unknown type name 'not'
conftest.c:47:12: error: expected '=', ',', ';', 'asm' or '__attribute__' before 'endian'
configure:6156: $? = 1
configure: failed program was:
| /* confdefs.h */
| #define PACKAGE_NAME "dosbox"
| #define PACKAGE_TARNAME "dosbox"
| #define PACKAGE_VERSION "SVN"
| #define PACKAGE_STRING "dosbox SVN"
| #define PACKAGE_BUGREPORT ""
| #define PACKAGE_URL ""
| #define PACKAGE "dosbox"
| #define VERSION "SVN"
| #define STDC_HEADERS 1
| #define HAVE_SYS_TYPES_H 1
| #define HAVE_SYS_STAT_H 1
| #define HAVE_STDLIB_H 1
| #define HAVE_STRING_H 1
| #define HAVE_MEMORY_H 1
| #define HAVE_STRINGS_H 1
| #define HAVE_INTTYPES_H 1
| #define HAVE_STDINT_H 1
| #define HAVE_UNISTD_H 1
| #define SIZEOF_UNSIGNED_CHAR 1
| #define SIZEOF_UNSIGNED_SHORT 2
| #define SIZEOF_UNSIGNED_INT 4
| #define SIZEOF_UNSIGNED_LONG 8
| #define SIZEOF_UNSIGNED_LONG_LONG 8
| #define SIZEOF_INT_P 8
| #define HAVE_STDLIB_H 1
| #define HAVE_SYS_TYPES_H 1
| #define HAVE_SYS_SOCKET_H 1
| #define HAVE_NETINET_IN_H 1
| #define HAVE_PWD_H 1
| #define ENVIRON_INCLUDED 1
| #define ENVIRON_LINKED 1
| #define DIRENT_HAS_D_TYPE 1
| #define C_HAS_ATTRIBUTE 1
| #define C_ATTRIBUTE_ALWAYS_INLINE 1
| #define C_HAS_BUILTIN_EXPECT 1
| #define HAVE_LIBASOUND 1
| #define HAVE_ALSA 1
| /* end confdefs.h.  */
| #include <sys/types.h>
| 		#include <sys/param.h>
| 
| int
| main ()
| {
| #if BYTE_ORDER != BIG_ENDIAN
| 		 not big endian
| 		#endif
| 
|   ;
|   return 0;
| }
configure:6284: result: no
configure:6486: checking for target cpu type
configure:6492: result: x86-64 bit compatible
configure:6546: checking whether x86 dynamic cpu core will be enabled
configure:6558: result: no
configure:6571: checking whether recompiling cpu core will be enabled
configure:6591: result: yes
configure:6608: checking whether fpu emulation will be enabled
configure:6611: result: yes
configure:6628: checking whether x86 assembly fpu core will be enabled
configure:6641: result: no
configure:6658: checking whether to enable unaligned memory access
configure:6663: result: yes
configure:6671: checking png.h usability
configure:6671: gcc -c -g -O2  -I/usr/include/SDL -D_GNU_SOURCE=1 -D_REENTRANT conftest.c >&5
configure:6671: $? = 0
configure:6671: result: yes
configure:6671: checking png.h presence
configure:6671: gcc -E  -I/usr/include/SDL -D_GNU_SOURCE=1 -D_REENTRANT conftest.c
configure:6671: $? = 0
configure:6671: result: yes
configure:6671: checking for png.h
configure:6671: result: yes
configure:6677: checking for png_get_io_ptr in -lpng
configure:6702: gcc -o conftest -g -O2  -I/usr/include/SDL -D_GNU_SOURCE=1 -D_REENTRANT  conftest.c -lpng -lz -lasound -lm -ldl -lpthread -L/usr/lib/x86_64-linux-gnu -lSDL >&5
configure:6702: $? = 0
configure:6711: result: yes
configure:6728: checking SDL_net.h usability
configure:6728: gcc -c -g -O2  -I/usr/include/SDL -D_GNU_SOURCE=1 -D_REENTRANT conftest.c >&5
configure:6728: $? = 0
configure:6728: result: yes
configure:6728: checking SDL_net.h presence
configure:6728: gcc -E  -I/usr/include/SDL -D_GNU_SOURCE=1 -D_REENTRANT conftest.c
configure:6728: $? = 0
configure:6728: result: yes
configure:6728: checking for SDL_net.h
configure:6728: result: yes
configure:6764: checking for SDLNet_Init in -lSDL_net
configure:6789: gcc -o conftest -g -O2  -I/usr/include/SDL -D_GNU_SOURCE=1 -D_REENTRANT  conftest.c -lSDL_net  -lasound -lm -ldl -lpthread -L/usr/lib/x86_64-linux-gnu -lSDL -lpng -lz >&5
configure:6789: $? = 0
configure:6798: result: yes
configure:6817: checking for main in -lX11
configure:6836: gcc -o conftest -g -O2  -I/usr/include/SDL -D_GNU_SOURCE=1 -D_REENTRANT  conftest.c -lX11  -lasound -lm -ldl -lpthread -L/usr/lib/x86_64-linux-gnu -lSDL -lpng -lz -lSDL_net >&5
configure:6836: $? = 0
configure:6845: result: yes
configure:6853: checking X11/XKBlib.h usability
configure:6853: gcc -c -g -O2  -I/usr/include/SDL -D_GNU_SOURCE=1 -D_REENTRANT conftest.c >&5
configure:6853: $? = 0
configure:6853: result: yes
configure:6853: checking X11/XKBlib.h presence
configure:6853: gcc -E  -I/usr/include/SDL -D_GNU_SOURCE=1 -D_REENTRANT conftest.c
configure:6853: $? = 0
configure:6853: result: yes
configure:6853: checking for X11/XKBlib.h
configure:6853: result: yes
configure:6861: checking for XKBlib support
configure:6867: result: yes
configure:6875: checking for main in -lGL
configure:6894: gcc -o conftest -g -O2  -I/usr/include/SDL -D_GNU_SOURCE=1 -D_REENTRANT  conftest.c -lGL  -lasound -lm -ldl -lpthread -L/usr/lib/x86_64-linux-gnu -lSDL -lpng -lz -lSDL_net -lX11 >&5
configure:6894: $? = 0
configure:6903: result: yes
configure:6911: checking for main in -lopengl32
configure:6930: gcc -o conftest -g -O2  -I/usr/include/SDL -D_GNU_SOURCE=1 -D_REENTRANT  conftest.c -lopengl32  -lasound -lm -ldl -lpthread -L/usr/lib/x86_64-linux-gnu -lSDL -lpng -lz -lSDL_net -lX11 >&5
/usr/bin/ld: cannot find -lopengl32
collect2: ld returned 1 exit status
configure:6930: $? = 1
configure: failed program was:
| /* confdefs.h */
| #define PACKAGE_NAME "dosbox"
| #define PACKAGE_TARNAME "dosbox"
| #define PACKAGE_VERSION "SVN"
| #define PACKAGE_STRING "dosbox SVN"
| #define PACKAGE_BUGREPORT ""
| #define PACKAGE_URL ""
| #define PACKAGE "dosbox"
| #define VERSION "SVN"
| #define STDC_HEADERS 1
| #define HAVE_SYS_TYPES_H 1
| #define HAVE_SYS_STAT_H 1
| #define HAVE_STDLIB_H 1
| #define HAVE_STRING_H 1
| #define HAVE_MEMORY_H 1
| #define HAVE_STRINGS_H 1
| #define HAVE_INTTYPES_H 1
| #define HAVE_STDINT_H 1
| #define HAVE_UNISTD_H 1
| #define SIZEOF_UNSIGNED_CHAR 1
| #define SIZEOF_UNSIGNED_SHORT 2
| #define SIZEOF_UNSIGNED_INT 4
| #define SIZEOF_UNSIGNED_LONG 8
| #define SIZEOF_UNSIGNED_LONG_LONG 8
| #define SIZEOF_INT_P 8
| #define HAVE_STDLIB_H 1
| #define HAVE_SYS_TYPES_H 1
| #define HAVE_SYS_SOCKET_H 1
| #define HAVE_NETINET_IN_H 1
| #define HAVE_PWD_H 1
| #define ENVIRON_INCLUDED 1
| #define ENVIRON_LINKED 1
| #define DIRENT_HAS_D_TYPE 1
| #define C_HAS_ATTRIBUTE 1
| #define C_ATTRIBUTE_ALWAYS_INLINE 1
| #define C_HAS_BUILTIN_EXPECT 1
| #define HAVE_LIBASOUND 1
| #define HAVE_ALSA 1
| #define C_TARGETCPU X86_64
| #define C_DYNREC 1
| #define C_FPU 1
| #define C_UNALIGNED_MEMORY 1
| #define C_SSHOT 1
| #define C_MODEM 1
| #define C_IPX 1
| #define C_X11_XKB 1
| /* end confdefs.h.  */
| 
| 
| int
| main ()
| {
| return main ();
|   ;
|   return 0;
| }
configure:6939: result: no
configure:6947: checking GL/gl.h usability
configure:6947: gcc -c -g -O2  -I/usr/include/SDL -D_GNU_SOURCE=1 -D_REENTRANT conftest.c >&5
configure:6947: $? = 0
configure:6947: result: yes
configure:6947: checking GL/gl.h presence
configure:6947: gcc -E  -I/usr/include/SDL -D_GNU_SOURCE=1 -D_REENTRANT conftest.c
configure:6947: $? = 0
configure:6947: result: yes
configure:6947: checking for GL/gl.h
configure:6947: result: yes
configure:6962: checking whether opengl display output will be enabled
configure:6975: result: yes
configure:6995: checking SDL_sound.h usability
configure:6995: gcc -c -g -O2  -I/usr/include/SDL -D_GNU_SOURCE=1 -D_REENTRANT conftest.c >&5
configure:6995: $? = 0
configure:6995: result: yes
configure:6995: checking SDL_sound.h presence
configure:6995: gcc -E  -I/usr/include/SDL -D_GNU_SOURCE=1 -D_REENTRANT conftest.c
configure:6995: $? = 0
configure:6995: result: yes
configure:6995: checking for SDL_sound.h
configure:6995: result: yes
configure:7001: checking for Sound_Init in -lSDL_sound
configure:7026: gcc -o conftest -g -O2  -I/usr/include/SDL -D_GNU_SOURCE=1 -D_REENTRANT  conftest.c -lSDL_sound  -lasound -lm -ldl -lpthread -L/usr/lib/x86_64-linux-gnu -lSDL -lpng -lz -lSDL_net -lX11 -lGL >&5
configure:7026: $? = 0
configure:7035: result: yes
configure:7041: checking for Sound_Seek in -lSDL_sound
configure:7066: gcc -o conftest -g -O2  -I/usr/include/SDL -D_GNU_SOURCE=1 -D_REENTRANT  conftest.c -lSDL_sound  -lasound -lm -ldl -lpthread -L/usr/lib/x86_64-linux-gnu -lSDL -lpng -lz -lSDL_net -lX11 -lGL >&5
configure:7066: $? = 0
configure:7075: result: yes
configure:7096: checking sys/mman.h usability
configure:7096: gcc -c -g -O2  -I/usr/include/SDL -D_GNU_SOURCE=1 -D_REENTRANT conftest.c >&5
configure:7096: $? = 0
configure:7096: result: yes
configure:7096: checking sys/mman.h presence
configure:7096: gcc -E  -I/usr/include/SDL -D_GNU_SOURCE=1 -D_REENTRANT conftest.c
configure:7096: $? = 0
configure:7096: result: yes
configure:7096: checking for sys/mman.h
configure:7096: result: yes
configure:7099: checking for mprotect
configure:7099: gcc -o conftest -g -O2  -I/usr/include/SDL -D_GNU_SOURCE=1 -D_REENTRANT  conftest.c -lSDL_sound -lasound -lm -ldl -lpthread -L/usr/lib/x86_64-linux-gnu -lSDL -lpng -lz -lSDL_net -lX11 -lGL >&5
configure:7099: $? = 0
configure:7099: result: yes
configure:7111: checking for setpriority support
configure:7122: gcc -o conftest -g -O2  -I/usr/include/SDL -D_GNU_SOURCE=1 -D_REENTRANT  conftest.c -lSDL_sound -lasound -lm -ldl -lpthread -L/usr/lib/x86_64-linux-gnu -lSDL -lpng -lz -lSDL_net -lX11 -lGL >&5
configure:7122: $? = 0
configure:7123: result: yes
configure:7442: creating ./config.status

## ---------------------- ##
## Running config.status. ##
## ---------------------- ##

This file was extended by dosbox config.status SVN, which was
generated by GNU Autoconf 2.68.  Invocation command line was

  CONFIG_FILES    = 
  CONFIG_HEADERS  = 
  CONFIG_LINKS    = 
  CONFIG_COMMANDS = 
  $ ./config.status 

on pedro

config.status:939: creating Makefile
config.status:939: creating src/Makefile
config.status:939: creating src/cpu/Makefile
config.status:939: creating src/cpu/core_full/Makefile
config.status:939: creating src/cpu/core_normal/Makefile
config.status:939: creating src/cpu/core_dyn_x86/Makefile
config.status:939: creating src/cpu/core_dynrec/Makefile
config.status:939: creating src/debug/Makefile
config.status:939: creating src/dos/Makefile
config.status:939: creating src/fpu/Makefile
config.status:939: creating src/gui/Makefile
config.status:939: creating src/hardware/Makefile
config.status:939: creating src/hardware/serialport/Makefile
config.status:939: creating src/ints/Makefile
config.status:939: creating src/libs/Makefile
config.status:939: creating src/libs/zmbv/Makefile
config.status:939: creating src/libs/gui_tk/Makefile
config.status:939: creating src/misc/Makefile
config.status:939: creating src/shell/Makefile
config.status:939: creating src/platform/Makefile
config.status:939: creating src/platform/visualc/Makefile
config.status:939: creating visualc_net/Makefile
config.status:939: creating include/Makefile
config.status:939: creating docs/Makefile
config.status:939: creating config.h
config.status:1168: executing depfiles commands

## ---------------- ##
## Cache variables. ##
## ---------------- ##

ac_cv_build=x86_64-unknown-linux-gnu
ac_cv_c_bigendian=no
ac_cv_c_compiler_gnu=yes
ac_cv_c_const=yes
ac_cv_c_inline=inline
ac_cv_cxx_compiler_gnu=yes
ac_cv_env_CCC_set=
ac_cv_env_CCC_value=
ac_cv_env_CC_set=
ac_cv_env_CC_value=
ac_cv_env_CFLAGS_set=
ac_cv_env_CFLAGS_value=
ac_cv_env_CPPFLAGS_set=
ac_cv_env_CPPFLAGS_value=
ac_cv_env_CPP_set=
ac_cv_env_CPP_value=
ac_cv_env_CXXFLAGS_set=
ac_cv_env_CXXFLAGS_value=
ac_cv_env_CXX_set=
ac_cv_env_CXX_value=
ac_cv_env_LDFLAGS_set=
ac_cv_env_LDFLAGS_value=
ac_cv_env_LIBS_set=
ac_cv_env_LIBS_value=
ac_cv_env_build_alias_set=
ac_cv_env_build_alias_value=
ac_cv_env_host_alias_set=
ac_cv_env_host_alias_value=
ac_cv_env_target_alias_set=
ac_cv_env_target_alias_value=
ac_cv_func_mprotect=yes
ac_cv_header_GL_gl_h=yes
ac_cv_header_SDL_net_h=yes
ac_cv_header_SDL_sound_h=yes
ac_cv_header_X11_XKBlib_h=yes
ac_cv_header_inttypes_h=yes
ac_cv_header_memory_h=yes
ac_cv_header_netinet_in_h=yes
ac_cv_header_png_h=yes
ac_cv_header_pwd_h=yes
ac_cv_header_stdc=yes
ac_cv_header_stdint_h=yes
ac_cv_header_stdlib_h=yes
ac_cv_header_string_h=yes
ac_cv_header_strings_h=yes
ac_cv_header_sys_mman_h=yes
ac_cv_header_sys_socket_h=yes
ac_cv_header_sys_stat_h=yes
ac_cv_header_sys_types_h=yes
ac_cv_header_unistd_h=yes
ac_cv_host=x86_64-unknown-linux-gnu
ac_cv_lib_GL_main=yes
ac_cv_lib_SDL_net_SDLNet_Init=yes
ac_cv_lib_SDL_sound_Sound_Init=yes
ac_cv_lib_SDL_sound_Sound_Seek=yes
ac_cv_lib_X11_main=yes
ac_cv_lib_asound_snd_ctl_open=yes
ac_cv_lib_opengl32_main=no
ac_cv_lib_png_png_get_io_ptr=yes
ac_cv_objext=o
ac_cv_path_EGREP='/bin/grep -E'
ac_cv_path_GREP=/bin/grep
ac_cv_path_SDL_CONFIG=/usr/bin/sdl-config
ac_cv_path_install='/usr/bin/install -c'
ac_cv_path_mkdir=/bin/mkdir
ac_cv_prog_AWK=mawk
ac_cv_prog_CPP='gcc -E'
ac_cv_prog_ac_ct_CC=gcc
ac_cv_prog_ac_ct_CXX=g++
ac_cv_prog_ac_ct_RANLIB=ranlib
ac_cv_prog_cc_c89=
ac_cv_prog_cc_g=yes
ac_cv_prog_cxx_g=yes
ac_cv_prog_make_make_set=yes
ac_cv_sizeof_int_p=8
ac_cv_sizeof_unsigned_char=1
ac_cv_sizeof_unsigned_int=4
ac_cv_sizeof_unsigned_long=8
ac_cv_sizeof_unsigned_long_long=8
ac_cv_sizeof_unsigned_short=2
ac_cv_struct_tm=time.h
ac_cv_type_size_t=yes
am_cv_CC_dependencies_compiler_type=gcc3
am_cv_CXX_dependencies_compiler_type=gcc3

## ----------------- ##
## Output variables. ##
## ----------------- ##

ACLOCAL='${SHELL} /home/pedro/projects/dosbox/missing --run aclocal-1.11'
ALSA_CFLAGS=''
ALSA_LIBS=' -lasound -lm -ldl -lpthread'
AMDEPBACKSLASH='\'
AMDEP_FALSE='#'
AMDEP_TRUE=''
AMTAR='$${TAR-tar}'
AUTOCONF='${SHELL} /home/pedro/projects/dosbox/missing --run autoconf'
AUTOHEADER='${SHELL} /home/pedro/projects/dosbox/missing --run autoheader'
AUTOMAKE='${SHELL} /home/pedro/projects/dosbox/missing --run automake-1.11'
AWK='mawk'
CC='gcc'
CCDEPMODE='depmode=gcc3'
CFLAGS='-g -O2'
CPP='gcc -E'
CPPFLAGS=' -I/usr/include/SDL -D_GNU_SOURCE=1 -D_REENTRANT'
CXX='g++'
CXXDEPMODE='depmode=gcc3'
CXXFLAGS='-g -O2 '
CYGPATH_W='echo'
DEFS='-DHAVE_CONFIG_H'
DEPDIR='.deps'
ECHO_C=''
ECHO_N='-n'
ECHO_T=''
EGREP='/bin/grep -E'
EXEEXT=''
GREP='/bin/grep'
HAVE_WINDRES_FALSE=''
HAVE_WINDRES_TRUE='#'
INSTALL_DATA='${INSTALL} -m 644'
INSTALL_PROGRAM='${INSTALL}'
INSTALL_SCRIPT='${INSTALL}'
INSTALL_STRIP_PROGRAM='$(install_sh) -c -s'
LDFLAGS=''
LIBOBJS=''
LIBS='-lSDL_sound -lasound -lm -ldl -lpthread -L/usr/lib/x86_64-linux-gnu -lSDL -lpng -lz -lSDL_net -lX11 -lGL'
LTLIBOBJS=''
MAKEINFO='${SHELL} /home/pedro/projects/dosbox/missing --run makeinfo'
MKDIR_P='/bin/mkdir -p'
OBJEXT='o'
PACKAGE='dosbox'
PACKAGE_BUGREPORT=''
PACKAGE_NAME='dosbox'
PACKAGE_STRING='dosbox SVN'
PACKAGE_TARNAME='dosbox'
PACKAGE_URL=''
PACKAGE_VERSION='SVN'
PATH_SEPARATOR=':'
RANLIB='ranlib'
SDL_CFLAGS='-I/usr/include/SDL -D_GNU_SOURCE=1 -D_REENTRANT'
SDL_CONFIG='/usr/bin/sdl-config'
SDL_LIBS='-L/usr/lib/x86_64-linux-gnu -lSDL'
SET_MAKE=''
SHELL='/bin/bash'
STRIP=''
VERSION='SVN'
WINDRES=':'
ac_ct_CC='gcc'
ac_ct_CXX='g++'
am__EXEEXT_FALSE=''
am__EXEEXT_TRUE='#'
am__fastdepCC_FALSE='#'
am__fastdepCC_TRUE=''
am__fastdepCXX_FALSE='#'
am__fastdepCXX_TRUE=''
am__include='include'
am__isrc=''
am__leading_dot='.'
am__nodep='_no'
am__quote=''
am__tar='$${TAR-tar} chof - "$$tardir"'
am__untar='$${TAR-tar} xf -'
bindir='${exec_prefix}/bin'
build='x86_64-unknown-linux-gnu'
build_alias=''
build_cpu='x86_64'
build_os='linux-gnu'
build_vendor='unknown'
datadir='${datarootdir}'
datarootdir='${prefix}/share'
docdir='${datarootdir}/doc/${PACKAGE_TARNAME}'
dvidir='${docdir}'
exec_prefix='${prefix}'
host='x86_64-unknown-linux-gnu'
host_alias=''
host_cpu='x86_64'
host_os='linux-gnu'
host_vendor='unknown'
htmldir='${docdir}'
includedir='${prefix}/include'
infodir='${datarootdir}/info'
install_sh='${SHELL} /home/pedro/projects/dosbox/install-sh'
libdir='${exec_prefix}/lib'
libexecdir='${exec_prefix}/libexec'
localedir='${datarootdir}/locale'
localstatedir='${prefix}/var'
mandir='${datarootdir}/man'
mkdir_p='/bin/mkdir -p'
oldincludedir='/usr/include'
pdfdir='${docdir}'
prefix='/usr/local'
program_transform_name='s,x,x,'
psdir='${docdir}'
sbindir='${exec_prefix}/sbin'
sharedstatedir='${prefix}/com'
sysconfdir='${prefix}/etc'
target_alias=''

## ----------- ##
## confdefs.h. ##
## ----------- ##

/* confdefs.h */
#define PACKAGE_NAME "dosbox"
#define PACKAGE_TARNAME "dosbox"
#define PACKAGE_VERSION "SVN"
#define PACKAGE_STRING "dosbox SVN"
#define PACKAGE_BUGREPORT ""
#define PACKAGE_URL ""
#define PACKAGE "dosbox"
#define VERSION "SVN"
#define STDC_HEADERS 1
#define HAVE_SYS_TYPES_H 1
#define HAVE_SYS_STAT_H 1
#define HAVE_STDLIB_H 1
#define HAVE_STRING_H 1
#define HAVE_MEMORY_H 1
#define HAVE_STRINGS_H 1
#define HAVE_INTTYPES_H 1
#define HAVE_STDINT_H 1
#define HAVE_UNISTD_H 1
#define SIZEOF_UNSIGNED_CHAR 1
#define SIZEOF_UNSIGNED_SHORT 2
#define SIZEOF_UNSIGNED_INT 4
#define SIZEOF_UNSIGNED_LONG 8
#define SIZEOF_UNSIGNED_LONG_LONG 8
#define SIZEOF_INT_P 8
#define HAVE_STDLIB_H 1
#define HAVE_SYS_TYPES_H 1
#define HAVE_SYS_SOCKET_H 1
#define HAVE_NETINET_IN_H 1
#define HAVE_PWD_H 1
#define ENVIRON_INCLUDED 1
#define ENVIRON_LINKED 1
#define DIRENT_HAS_D_TYPE 1
#define C_HAS_ATTRIBUTE 1
#define C_ATTRIBUTE_ALWAYS_INLINE 1
#define C_HAS_BUILTIN_EXPECT 1
#define HAVE_LIBASOUND 1
#define HAVE_ALSA 1
#define C_TARGETCPU X86_64
#define C_DYNREC 1
#define C_FPU 1
#define C_UNALIGNED_MEMORY 1
#define C_SSHOT 1
#define C_MODEM 1
#define C_IPX 1
#define C_X11_XKB 1
#define C_OPENGL 1
#define C_SDL_SOUND 1
#define C_HAVE_MPROTECT 1
#define C_SET_PRIORITY 1
#define LINUX 1
#define C_DIRECTSERIAL 1

configure: exit 0
